<?xml version="1.0" encoding="UTF-8"?>
<!-- Generated by org.testng.reporters.JUnitReportReporter -->
<testsuite hostname="DESKTOP-7R03MFJ" failures="0" tests="1" name="com.runner.ZooplaLoginRunner" time="0.000" errors="0" timestamp="2021-02-18T22:02:18 EST" skipped="1">
  <testcase classname="com.runner.ZooplaLoginRunner" name="runScenario" time="0.000">
    <skipped/>
  </testcase> <!-- runScenario -->
  <system-out/>
</testsuite> <!-- com.runner.ZooplaLoginRunner -->
